2020-07-01 18:25:33.2918||ERROR|WebApi.Program|Program stopped because of exception System.AggregateException: Some services are not able to be constructed (Error while validating the service descriptor 'ServiceType: MediatR.IRequestHandler`2[Application.V1.Users.SendCode+SendCodeCommand,MediatR.Unit] Lifetime: Transient ImplementationType: Application.V1.Users.SendCode+Handler': Unable to resolve service for type 'Domain.Models.Configuration.Security.JwtOptions' while attempting to activate 'Infrastructure.Services.Indentity.IdentityService'.) (Error while validating the service descriptor 'ServiceType: Application.Common.Interfaces.Services.IIdentityService Lifetime: Scoped ImplementationType: Infrastructure.Services.Indentity.IdentityService': Unable to resolve service for type 'Domain.Models.Configuration.Security.JwtOptions' while attempting to activate 'Infrastructure.Services.Indentity.IdentityService'.) (Error while validating the service descriptor 'ServiceType: MediatR.IRequestHandler`2[Application.V1.Users.SendCode+SendCodeCommand,MediatR.Unit] Lifetime: Transient ImplementationType: Application.V1.Users.SendCode+Handler': Unable to resolve service for type 'Domain.Models.Configuration.Security.JwtOptions' while attempting to activate 'Infrastructure.Services.Indentity.IdentityService'.) (Error while validating the service descriptor 'ServiceType: Application.Common.Interfaces.Services.IIdentityService Lifetime: Scoped ImplementationType: Infrastructure.Services.Indentity.IdentityService': Unable to resolve service for type 'Domain.Models.Configuration.Security.JwtOptions' while attempting to activate 'Infrastructure.Services.Indentity.IdentityService'.)
 ---> System.InvalidOperationException: Error while validating the service descriptor 'ServiceType: MediatR.IRequestHandler`2[Application.V1.Users.SendCode+SendCodeCommand,MediatR.Unit] Lifetime: Transient ImplementationType: Application.V1.Users.SendCode+Handler': Unable to resolve service for type 'Domain.Models.Configuration.Security.JwtOptions' while attempting to activate 'Infrastructure.Services.Indentity.IdentityService'.
 ---> System.InvalidOperationException: Unable to resolve service for type 'Domain.Models.Configuration.Security.JwtOptions' while attempting to activate 'Infrastructure.Services.Indentity.IdentityService'.
   at Microsoft.Extensions.DependencyInjection.ServiceLookup.CallSiteFactory.CreateArgumentCallSites(Type serviceType, Type implementationType, CallSiteChain callSiteChain, ParameterInfo[] parameters, Boolean throwIfCallSiteNotFound)
   at Microsoft.Extensions.DependencyInjection.ServiceLookup.CallSiteFactory.CreateConstructorCallSite(ResultCache lifetime, Type serviceType, Type implementationType, CallSiteChain callSiteChain)
   at Microsoft.Extensions.DependencyInjection.ServiceLookup.CallSiteFactory.TryCreateExact(ServiceDescriptor descriptor, Type serviceType, CallSiteChain callSiteChain, Int32 slot)
   at Microsoft.Extensions.DependencyInjection.ServiceLookup.CallSiteFactory.TryCreateExact(Type serviceType, CallSiteChain callSiteChain)
   at Microsoft.Extensions.DependencyInjection.ServiceLookup.CallSiteFactory.CreateCallSite(Type serviceType, CallSiteChain callSiteChain)
   at Microsoft.Extensions.DependencyInjection.ServiceLookup.CallSiteFactory.<>c__DisplayClass7_0.<GetCallSite>b__0(Type type)
   at System.Collections.Concurrent.ConcurrentDictionary`2.GetOrAdd(TKey key, Func`2 valueFactory)
   at Microsoft.Extensions.DependencyInjection.ServiceLookup.CallSiteFactory.GetCallSite(Type serviceType, CallSiteChain callSiteChain)
   at Microsoft.Extensions.DependencyInjection.ServiceLookup.CallSiteFactory.CreateArgumentCallSites(Type serviceType, Type implementationType, CallSiteChain callSiteChain, ParameterInfo[] parameters, Boolean throwIfCallSiteNotFound)
   at Microsoft.Extensions.DependencyInjection.ServiceLookup.CallSiteFactory.CreateConstructorCallSite(ResultCache lifetime, Type serviceType, Type implementationType, CallSiteChain callSiteChain)
   at Microsoft.Extensions.DependencyInjection.ServiceLookup.CallSiteFactory.TryCreateExact(ServiceDescriptor descriptor, Type serviceType, CallSiteChain callSiteChain, Int32 slot)
   at Microsoft.Extensions.DependencyInjection.ServiceLookup.CallSiteFactory.GetCallSite(ServiceDescriptor serviceDescriptor, CallSiteChain callSiteChain)
   at Microsoft.Extensions.DependencyInjection.ServiceLookup.ServiceProviderEngine.ValidateService(ServiceDescriptor descriptor)
   --- End of inner exception stack trace ---
   at Microsoft.Extensions.DependencyInjection.ServiceLookup.ServiceProviderEngine.ValidateService(ServiceDescriptor descriptor)
   at Microsoft.Extensions.DependencyInjection.ServiceProvider..ctor(IEnumerable`1 serviceDescriptors, ServiceProviderOptions options)
   --- End of inner exception stack trace ---
 ---> (Inner Exception #1) System.InvalidOperationException: Error while validating the service descriptor 'ServiceType: Application.Common.Interfaces.Services.IIdentityService Lifetime: Scoped ImplementationType: Infrastructure.Services.Indentity.IdentityService': Unable to resolve service for type 'Domain.Models.Configuration.Security.JwtOptions' while attempting to activate 'Infrastructure.Services.Indentity.IdentityService'.
 ---> System.InvalidOperationException: Unable to resolve service for type 'Domain.Models.Configuration.Security.JwtOptions' while attempting to activate 'Infrastructure.Services.Indentity.IdentityService'.
   at Microsoft.Extensions.DependencyInjection.ServiceLookup.CallSiteFactory.CreateArgumentCallSites(Type serviceType, Type implementationType, CallSiteChain callSiteChain, ParameterInfo[] parameters, Boolean throwIfCallSiteNotFound)
   at Microsoft.Extensions.DependencyInjection.ServiceLookup.CallSiteFactory.CreateConstructorCallSite(ResultCache lifetime, Type serviceType, Type implementationType, CallSiteChain callSiteChain)
   at Microsoft.Extensions.DependencyInjection.ServiceLookup.CallSiteFactory.TryCreateExact(ServiceDescriptor descriptor, Type serviceType, CallSiteChain callSiteChain, Int32 slot)
   at Microsoft.Extensions.DependencyInjection.ServiceLookup.CallSiteFactory.GetCallSite(ServiceDescriptor serviceDescriptor, CallSiteChain callSiteChain)
   at Microsoft.Extensions.DependencyInjection.ServiceLookup.ServiceProviderEngine.ValidateService(ServiceDescriptor descriptor)
   --- End of inner exception stack trace ---
   at Microsoft.Extensions.DependencyInjection.ServiceLookup.ServiceProviderEngine.ValidateService(ServiceDescriptor descriptor)
   at Microsoft.Extensions.DependencyInjection.ServiceProvider..ctor(IEnumerable`1 serviceDescriptors, ServiceProviderOptions options)<---

2020-07-01 18:27:04.2842||ERROR|WebApi.Program|Program stopped because of exception System.AggregateException: Some services are not able to be constructed (Error while validating the service descriptor 'ServiceType: MediatR.IRequestHandler`2[Application.V1.Users.SendCode+SendCodeCommand,MediatR.Unit] Lifetime: Transient ImplementationType: Application.V1.Users.SendCode+Handler': Unable to resolve service for type 'Microsoft.IdentityModel.Tokens.TokenValidationParameters' while attempting to activate 'Infrastructure.Services.Indentity.IdentityService'.) (Error while validating the service descriptor 'ServiceType: Application.Common.Interfaces.Services.IIdentityService Lifetime: Scoped ImplementationType: Infrastructure.Services.Indentity.IdentityService': Unable to resolve service for type 'Microsoft.IdentityModel.Tokens.TokenValidationParameters' while attempting to activate 'Infrastructure.Services.Indentity.IdentityService'.) (Error while validating the service descriptor 'ServiceType: MediatR.IRequestHandler`2[Application.V1.Users.SendCode+SendCodeCommand,MediatR.Unit] Lifetime: Transient ImplementationType: Application.V1.Users.SendCode+Handler': Unable to resolve service for type 'Microsoft.IdentityModel.Tokens.TokenValidationParameters' while attempting to activate 'Infrastructure.Services.Indentity.IdentityService'.) (Error while validating the service descriptor 'ServiceType: Application.Common.Interfaces.Services.IIdentityService Lifetime: Scoped ImplementationType: Infrastructure.Services.Indentity.IdentityService': Unable to resolve service for type 'Microsoft.IdentityModel.Tokens.TokenValidationParameters' while attempting to activate 'Infrastructure.Services.Indentity.IdentityService'.)
 ---> System.InvalidOperationException: Error while validating the service descriptor 'ServiceType: MediatR.IRequestHandler`2[Application.V1.Users.SendCode+SendCodeCommand,MediatR.Unit] Lifetime: Transient ImplementationType: Application.V1.Users.SendCode+Handler': Unable to resolve service for type 'Microsoft.IdentityModel.Tokens.TokenValidationParameters' while attempting to activate 'Infrastructure.Services.Indentity.IdentityService'.
 ---> System.InvalidOperationException: Unable to resolve service for type 'Microsoft.IdentityModel.Tokens.TokenValidationParameters' while attempting to activate 'Infrastructure.Services.Indentity.IdentityService'.
   at Microsoft.Extensions.DependencyInjection.ServiceLookup.CallSiteFactory.CreateArgumentCallSites(Type serviceType, Type implementationType, CallSiteChain callSiteChain, ParameterInfo[] parameters, Boolean throwIfCallSiteNotFound)
   at Microsoft.Extensions.DependencyInjection.ServiceLookup.CallSiteFactory.CreateConstructorCallSite(ResultCache lifetime, Type serviceType, Type implementationType, CallSiteChain callSiteChain)
   at Microsoft.Extensions.DependencyInjection.ServiceLookup.CallSiteFactory.TryCreateExact(ServiceDescriptor descriptor, Type serviceType, CallSiteChain callSiteChain, Int32 slot)
   at Microsoft.Extensions.DependencyInjection.ServiceLookup.CallSiteFactory.TryCreateExact(Type serviceType, CallSiteChain callSiteChain)
   at Microsoft.Extensions.DependencyInjection.ServiceLookup.CallSiteFactory.CreateCallSite(Type serviceType, CallSiteChain callSiteChain)
   at Microsoft.Extensions.DependencyInjection.ServiceLookup.CallSiteFactory.<>c__DisplayClass7_0.<GetCallSite>b__0(Type type)
   at System.Collections.Concurrent.ConcurrentDictionary`2.GetOrAdd(TKey key, Func`2 valueFactory)
   at Microsoft.Extensions.DependencyInjection.ServiceLookup.CallSiteFactory.GetCallSite(Type serviceType, CallSiteChain callSiteChain)
   at Microsoft.Extensions.DependencyInjection.ServiceLookup.CallSiteFactory.CreateArgumentCallSites(Type serviceType, Type implementationType, CallSiteChain callSiteChain, ParameterInfo[] parameters, Boolean throwIfCallSiteNotFound)
   at Microsoft.Extensions.DependencyInjection.ServiceLookup.CallSiteFactory.CreateConstructorCallSite(ResultCache lifetime, Type serviceType, Type implementationType, CallSiteChain callSiteChain)
   at Microsoft.Extensions.DependencyInjection.ServiceLookup.CallSiteFactory.TryCreateExact(ServiceDescriptor descriptor, Type serviceType, CallSiteChain callSiteChain, Int32 slot)
   at Microsoft.Extensions.DependencyInjection.ServiceLookup.CallSiteFactory.GetCallSite(ServiceDescriptor serviceDescriptor, CallSiteChain callSiteChain)
   at Microsoft.Extensions.DependencyInjection.ServiceLookup.ServiceProviderEngine.ValidateService(ServiceDescriptor descriptor)
   --- End of inner exception stack trace ---
   at Microsoft.Extensions.DependencyInjection.ServiceLookup.ServiceProviderEngine.ValidateService(ServiceDescriptor descriptor)
   at Microsoft.Extensions.DependencyInjection.ServiceProvider..ctor(IEnumerable`1 serviceDescriptors, ServiceProviderOptions options)
   --- End of inner exception stack trace ---
 ---> (Inner Exception #1) System.InvalidOperationException: Error while validating the service descriptor 'ServiceType: Application.Common.Interfaces.Services.IIdentityService Lifetime: Scoped ImplementationType: Infrastructure.Services.Indentity.IdentityService': Unable to resolve service for type 'Microsoft.IdentityModel.Tokens.TokenValidationParameters' while attempting to activate 'Infrastructure.Services.Indentity.IdentityService'.
 ---> System.InvalidOperationException: Unable to resolve service for type 'Microsoft.IdentityModel.Tokens.TokenValidationParameters' while attempting to activate 'Infrastructure.Services.Indentity.IdentityService'.
   at Microsoft.Extensions.DependencyInjection.ServiceLookup.CallSiteFactory.CreateArgumentCallSites(Type serviceType, Type implementationType, CallSiteChain callSiteChain, ParameterInfo[] parameters, Boolean throwIfCallSiteNotFound)
   at Microsoft.Extensions.DependencyInjection.ServiceLookup.CallSiteFactory.CreateConstructorCallSite(ResultCache lifetime, Type serviceType, Type implementationType, CallSiteChain callSiteChain)
   at Microsoft.Extensions.DependencyInjection.ServiceLookup.CallSiteFactory.TryCreateExact(ServiceDescriptor descriptor, Type serviceType, CallSiteChain callSiteChain, Int32 slot)
   at Microsoft.Extensions.DependencyInjection.ServiceLookup.CallSiteFactory.GetCallSite(ServiceDescriptor serviceDescriptor, CallSiteChain callSiteChain)
   at Microsoft.Extensions.DependencyInjection.ServiceLookup.ServiceProviderEngine.ValidateService(ServiceDescriptor descriptor)
   --- End of inner exception stack trace ---
   at Microsoft.Extensions.DependencyInjection.ServiceLookup.ServiceProviderEngine.ValidateService(ServiceDescriptor descriptor)
   at Microsoft.Extensions.DependencyInjection.ServiceProvider..ctor(IEnumerable`1 serviceDescriptors, ServiceProviderOptions options)<---

2020-07-01 21:09:09.3884||ERROR|WebApi.Common.Middlewares.CustomExceptionHandler|Unhandled exception occured System.ArgumentOutOfRangeException: Year, Month, and Day parameters describe an un-representable DateTime.
   at System.DateTime.DateToTicks(Int32 year, Int32 month, Int32 day)
   at System.DateTime..ctor(Int32 year, Int32 month, Int32 day, Int32 hour, Int32 minute, Int32 second, DateTimeKind kind)
   at Infrastructure.Services.Indentity.IdentityService.RefreshTokenAsync(String token, String refreshToken, CancellationToken cancellationToken) in D:\Projects\2020\Енот\Src\Raccoon\Infrastructure\Services\Indentity\IdentityService.cs:line 91
   at Application.V1.Users.RefreshToken.Handler.Handle(RefreshTokenCommand request, CancellationToken cancellationToken) in D:\Projects\2020\Енот\Src\Raccoon\Application\V1\Users\RefreshToken.cs:line 45
   at MediatR.Pipeline.RequestExceptionProcessorBehavior`2.Handle(TRequest request, CancellationToken cancellationToken, RequestHandlerDelegate`1 next)
   at MediatR.Pipeline.RequestExceptionProcessorBehavior`2.Handle(TRequest request, CancellationToken cancellationToken, RequestHandlerDelegate`1 next)
   at MediatR.Pipeline.RequestExceptionActionProcessorBehavior`2.Handle(TRequest request, CancellationToken cancellationToken, RequestHandlerDelegate`1 next)
   at MediatR.Pipeline.RequestExceptionActionProcessorBehavior`2.Handle(TRequest request, CancellationToken cancellationToken, RequestHandlerDelegate`1 next)
   at MediatR.Pipeline.RequestPostProcessorBehavior`2.Handle(TRequest request, CancellationToken cancellationToken, RequestHandlerDelegate`1 next)
   at MediatR.Pipeline.RequestPreProcessorBehavior`2.Handle(TRequest request, CancellationToken cancellationToken, RequestHandlerDelegate`1 next)
   at WebApi.Controllers.V1.Users.UsersController.RefreshToken(RefreshTokenCommand command, CancellationToken cancellationToken) in D:\Projects\2020\Енот\Src\Raccoon\WebApi\Controllers\V1\Users\UsersController.cs:line 67
   at Microsoft.AspNetCore.Mvc.Infrastructure.ActionMethodExecutor.TaskOfIActionResultExecutor.Execute(IActionResultTypeMapper mapper, ObjectMethodExecutor executor, Object controller, Object[] arguments)
   at Microsoft.AspNetCore.Mvc.Infrastructure.ControllerActionInvoker.<InvokeActionMethodAsync>g__Awaited|12_0(ControllerActionInvoker invoker, ValueTask`1 actionResultValueTask)
   at Microsoft.AspNetCore.Mvc.Infrastructure.ControllerActionInvoker.<InvokeNextActionFilterAsync>g__Awaited|10_0(ControllerActionInvoker invoker, Task lastTask, State next, Scope scope, Object state, Boolean isCompleted)
   at Microsoft.AspNetCore.Mvc.Infrastructure.ControllerActionInvoker.Rethrow(ActionExecutedContextSealed context)
   at Microsoft.AspNetCore.Mvc.Infrastructure.ControllerActionInvoker.Next(State& next, Scope& scope, Object& state, Boolean& isCompleted)
   at Microsoft.AspNetCore.Mvc.Infrastructure.ControllerActionInvoker.InvokeInnerFilterAsync()
--- End of stack trace from previous location where exception was thrown ---
   at Microsoft.AspNetCore.Mvc.Infrastructure.ResourceInvoker.<InvokeFilterPipelineAsync>g__Awaited|19_0(ResourceInvoker invoker, Task lastTask, State next, Scope scope, Object state, Boolean isCompleted)
   at Microsoft.AspNetCore.Mvc.Infrastructure.ResourceInvoker.<InvokeAsync>g__Awaited|17_0(ResourceInvoker invoker, Task task, IDisposable scope)
   at Microsoft.AspNetCore.Routing.EndpointMiddleware.<Invoke>g__AwaitRequestTask|6_0(Endpoint endpoint, Task requestTask, ILogger logger)
   at Microsoft.AspNetCore.Authorization.AuthorizationMiddleware.Invoke(HttpContext context)
   at Microsoft.AspNetCore.Authentication.AuthenticationMiddleware.Invoke(HttpContext context)
   at Swashbuckle.AspNetCore.SwaggerUI.SwaggerUIMiddleware.Invoke(HttpContext httpContext)
   at Swashbuckle.AspNetCore.Swagger.SwaggerMiddleware.Invoke(HttpContext httpContext, ISwaggerProvider swaggerProvider)
   at WebApi.Common.Middlewares.CustomExceptionHandler.InvokeAsync(HttpContext httpContext, ILogger`1 logger) in D:\Projects\2020\Енот\Src\Raccoon\WebApi\Common\Middlewares\CustomExceptionHandler.cs:line 25    at System.DateTime.DateToTicks(Int32 year, Int32 month, Int32 day)
   at System.DateTime..ctor(Int32 year, Int32 month, Int32 day, Int32 hour, Int32 minute, Int32 second, DateTimeKind kind)
   at Infrastructure.Services.Indentity.IdentityService.RefreshTokenAsync(String token, String refreshToken, CancellationToken cancellationToken) in D:\Projects\2020\Енот\Src\Raccoon\Infrastructure\Services\Indentity\IdentityService.cs:line 91
   at Application.V1.Users.RefreshToken.Handler.Handle(RefreshTokenCommand request, CancellationToken cancellationToken) in D:\Projects\2020\Енот\Src\Raccoon\Application\V1\Users\RefreshToken.cs:line 45
   at MediatR.Pipeline.RequestExceptionProcessorBehavior`2.Handle(TRequest request, CancellationToken cancellationToken, RequestHandlerDelegate`1 next)
   at MediatR.Pipeline.RequestExceptionProcessorBehavior`2.Handle(TRequest request, CancellationToken cancellationToken, RequestHandlerDelegate`1 next)
   at MediatR.Pipeline.RequestExceptionActionProcessorBehavior`2.Handle(TRequest request, CancellationToken cancellationToken, RequestHandlerDelegate`1 next)
   at MediatR.Pipeline.RequestExceptionActionProcessorBehavior`2.Handle(TRequest request, CancellationToken cancellationToken, RequestHandlerDelegate`1 next)
   at MediatR.Pipeline.RequestPostProcessorBehavior`2.Handle(TRequest request, CancellationToken cancellationToken, RequestHandlerDelegate`1 next)
   at MediatR.Pipeline.RequestPreProcessorBehavior`2.Handle(TRequest request, CancellationToken cancellationToken, RequestHandlerDelegate`1 next)
   at WebApi.Controllers.V1.Users.UsersController.RefreshToken(RefreshTokenCommand command, CancellationToken cancellationToken) in D:\Projects\2020\Енот\Src\Raccoon\WebApi\Controllers\V1\Users\UsersController.cs:line 67
   at Microsoft.AspNetCore.Mvc.Infrastructure.ActionMethodExecutor.TaskOfIActionResultExecutor.Execute(IActionResultTypeMapper mapper, ObjectMethodExecutor executor, Object controller, Object[] arguments)
   at Microsoft.AspNetCore.Mvc.Infrastructure.ControllerActionInvoker.<InvokeActionMethodAsync>g__Awaited|12_0(ControllerActionInvoker invoker, ValueTask`1 actionResultValueTask)
   at Microsoft.AspNetCore.Mvc.Infrastructure.ControllerActionInvoker.<InvokeNextActionFilterAsync>g__Awaited|10_0(ControllerActionInvoker invoker, Task lastTask, State next, Scope scope, Object state, Boolean isCompleted)
   at Microsoft.AspNetCore.Mvc.Infrastructure.ControllerActionInvoker.Rethrow(ActionExecutedContextSealed context)
   at Microsoft.AspNetCore.Mvc.Infrastructure.ControllerActionInvoker.Next(State& next, Scope& scope, Object& state, Boolean& isCompleted)
   at Microsoft.AspNetCore.Mvc.Infrastructure.ControllerActionInvoker.InvokeInnerFilterAsync()
--- End of stack trace from previous location where exception was thrown ---
   at Microsoft.AspNetCore.Mvc.Infrastructure.ResourceInvoker.<InvokeFilterPipelineAsync>g__Awaited|19_0(ResourceInvoker invoker, Task lastTask, State next, Scope scope, Object state, Boolean isCompleted)
   at Microsoft.AspNetCore.Mvc.Infrastructure.ResourceInvoker.<InvokeAsync>g__Awaited|17_0(ResourceInvoker invoker, Task task, IDisposable scope)
   at Microsoft.AspNetCore.Routing.EndpointMiddleware.<Invoke>g__AwaitRequestTask|6_0(Endpoint endpoint, Task requestTask, ILogger logger)
   at Microsoft.AspNetCore.Authorization.AuthorizationMiddleware.Invoke(HttpContext context)
   at Microsoft.AspNetCore.Authentication.AuthenticationMiddleware.Invoke(HttpContext context)
   at Swashbuckle.AspNetCore.SwaggerUI.SwaggerUIMiddleware.Invoke(HttpContext httpContext)
   at Swashbuckle.AspNetCore.Swagger.SwaggerMiddleware.Invoke(HttpContext httpContext, ISwaggerProvider swaggerProvider)
   at WebApi.Common.Middlewares.CustomExceptionHandler.InvokeAsync(HttpContext httpContext, ILogger`1 logger) in D:\Projects\2020\Енот\Src\Raccoon\WebApi\Common\Middlewares\CustomExceptionHandler.cs:line 25
